  BoundingBox.cpp
  BoundingBoxCollision.cpp
  EntryEventLoop.cpp
  EnvironmentManager.cpp
  EventHandler.cpp
  GlobalAutonomy.cpp
  GlobalMath.cpp
  GlobalTransform.cpp
  ObjectManager.cpp
  PartitionCell.cpp
  PartitionGrid.cpp
  PlayerManager.cpp
  Renderer.cpp
  SceneGraph.cpp
  SceneObject.cpp
  Test.cpp
  TestScene.cpp
c:\users\corym\desktop\phantac_engine\fanta-c\fanta-c\testscene.cpp(16): warning C4101: 'z': unreferenced local variable
c:\users\corym\desktop\phantac_engine\fanta-c\fanta-c\testscene.cpp(16): warning C4101: 'y': unreferenced local variable
c:\users\corym\desktop\phantac_engine\fanta-c\fanta-c\testscene.cpp(16): warning C4101: 'x': unreferenced local variable
  Generating code
  51 of 921 functions ( 5.5%) were compiled, the rest were copied from previous compilation.
    4 functions were new in current compilation
    8 functions had inline decision re-evaluated but remain unchanged
  Finished generating code
  Fanta-C.vcxproj -> C:\Users\corym\Desktop\PhantaC_Engine\Fanta-C\x64\Release\Fanta-C.exe
