c:\users\corym\desktop\phantac_engine\fanta-c\fanta-c\x64\debug\vc141.pdb
c:\users\corym\desktop\phantac_engine\fanta-c\fanta-c\x64\debug\vc141.idb
c:\users\corym\desktop\phantac_engine\fanta-c\fanta-c\x64\debug\sceneobject.obj
c:\users\corym\desktop\phantac_engine\fanta-c\fanta-c\x64\debug\myarray.obj
c:\users\corym\desktop\phantac_engine\fanta-c\fanta-c\x64\debug\globalmath.obj
c:\users\corym\desktop\phantac_engine\fanta-c\fanta-c\x64\debug\entryeventloop.obj
c:\users\corym\desktop\phantac_engine\fanta-c\fanta-c\x64\debug\linerenderer.obj
c:\users\corym\desktop\phantac_engine\fanta-c\fanta-c\x64\debug\line.obj
c:\users\corym\desktop\phantac_engine\fanta-c\fanta-c\x64\debug\keyboardmanager.obj
c:\users\corym\desktop\phantac_engine\fanta-c\fanta-c\x64\debug\grid.obj
c:\users\corym\desktop\phantac_engine\fanta-c\fanta-c\x64\debug\globaltransform.obj
c:\users\corym\desktop\phantac_engine\fanta-c\fanta-c\x64\debug\globalautonomy.obj
c:\users\corym\desktop\phantac_engine\fanta-c\fanta-c\x64\debug\eventmanager.obj
c:\users\corym\desktop\phantac_engine\fanta-c\fanta-c\x64\debug\environmentmanager.obj
c:\users\corym\desktop\phantac_engine\fanta-c\fanta-c\x64\debug\cube.obj
c:\users\corym\desktop\phantac_engine\fanta-c\fanta-c\x64\debug\controllermanager.obj
c:\users\corym\desktop\phantac_engine\fanta-c\fanta-c\x64\debug\collisionmanager.obj
c:\users\corym\desktop\phantac_engine\fanta-c\fanta-c\x64\debug\camera.obj
c:\users\corym\desktop\phantac_engine\fanta-c\fanta-c\x64\debug\bullettrail.obj
c:\users\corym\desktop\phantac_engine\fanta-c\fanta-c\x64\debug\boundingboxcollision.obj
c:\users\corym\desktop\phantac_engine\fanta-c\fanta-c\x64\debug\boundingbox.obj
c:\users\corym\desktop\phantac_engine\fanta-c\fanta-c\x64\debug\audiomanager.obj
c:\users\corym\desktop\phantac_engine\fanta-c\fanta-c\x64\debug\windowcreator.obj
c:\users\corym\desktop\phantac_engine\fanta-c\fanta-c\x64\debug\sphere.obj
c:\users\corym\desktop\phantac_engine\fanta-c\fanta-c\x64\debug\scenemanager.obj
c:\users\corym\desktop\phantac_engine\fanta-c\fanta-c\x64\debug\inputmanager.obj
c:\users\corym\desktop\phantac_engine\fanta-c\fanta-c\x64\debug\pyramid.obj
c:\users\corym\desktop\phantac_engine\fanta-c\fanta-c\x64\debug\physicsmanager.obj
c:\users\corym\desktop\phantac_engine\fanta-c\fanta-c\x64\debug\testscene.obj
c:\users\corym\desktop\phantac_engine\fanta-c\fanta-c\x64\debug\agentmanager.obj
c:\users\corym\desktop\phantac_engine\fanta-c\fanta-c\x64\debug\partitioner.obj
c:\users\corym\desktop\phantac_engine\fanta-c\fanta-c\x64\debug\scenegraph.obj
c:\users\corym\desktop\phantac_engine\fanta-c\fanta-c\x64\debug\playermanager.obj
c:\users\corym\desktop\phantac_engine\fanta-c\fanta-c\x64\debug\partitioningmanager.obj
c:\users\corym\desktop\phantac_engine\fanta-c\fanta-c\x64\debug\partitioncell.obj
c:\users\corym\desktop\phantac_engine\fanta-c\fanta-c\x64\debug\partitiongrid.obj
c:\users\corym\desktop\phantac_engine\fanta-c\fanta-c\x64\debug\renderer.obj
c:\users\corym\desktop\phantac_engine\fanta-c\fanta-c\basicpixelshader.csh
c:\users\corym\desktop\phantac_engine\fanta-c\x64\debug\basicpixelshader.cso
c:\users\corym\desktop\phantac_engine\fanta-c\fanta-c\basicvertexshader.csh
c:\users\corym\desktop\phantac_engine\fanta-c\x64\debug\basicvertexshader.cso
c:\users\corym\desktop\phantac_engine\fanta-c\x64\debug\fanta-c.exe
c:\users\corym\desktop\phantac_engine\fanta-c\x64\debug\fanta-c.ilk
c:\users\corym\desktop\phantac_engine\fanta-c\x64\debug\fanta-c.pdb
c:\users\corym\desktop\phantac_engine\fanta-c\fanta-c\x64\debug\fanta-c.tlog\cl.command.1.tlog
c:\users\corym\desktop\phantac_engine\fanta-c\fanta-c\x64\debug\fanta-c.tlog\cl.read.1.tlog
c:\users\corym\desktop\phantac_engine\fanta-c\fanta-c\x64\debug\fanta-c.tlog\cl.write.1.tlog
c:\users\corym\desktop\phantac_engine\fanta-c\fanta-c\x64\debug\fanta-c.tlog\fxc.command.1.tlog
c:\users\corym\desktop\phantac_engine\fanta-c\fanta-c\x64\debug\fanta-c.tlog\fxc.read.1.tlog
c:\users\corym\desktop\phantac_engine\fanta-c\fanta-c\x64\debug\fanta-c.tlog\fxc.write.1.tlog
c:\users\corym\desktop\phantac_engine\fanta-c\fanta-c\x64\debug\fanta-c.tlog\link.command.1.tlog
c:\users\corym\desktop\phantac_engine\fanta-c\fanta-c\x64\debug\fanta-c.tlog\link.read.1.tlog
c:\users\corym\desktop\phantac_engine\fanta-c\fanta-c\x64\debug\fanta-c.tlog\link.write.1.tlog
